<?xml version="1.0" encoding="UTF-8"?>
<!-- Generated by org.testng.reporters.JUnitReportReporter -->
<testsuite skipped="0" hostname="IvonneRdz-Flores" name="Runner.Runner" tests="3" failures="0" timestamp="31 Mar 2021 22:03:40 GMT" time="9.495" errors="0">
  <testcase name="test" time="5.224" classname="Runner.Runner"/>
  <testcase name="test" time="1.217" classname="Runner.Runner"/>
  <testcase name="test" time="3.054" classname="Runner.Runner"/>
</testsuite> <!-- Runner.Runner -->
